<?xml version="1.0" encoding="UTF-8"?>
<!-- Generated by org.testng.reporters.JUnitReportReporter -->
<testsuite hostname="JOSHMACHINE" failures="0" tests="5" name="com.MakemyTripHotelBooking.makemytriphotelbookingTest" time="83.405" errors="0" timestamp="2020-11-01T16:35:35 IST" skipped="0">
  <testcase classname="com.MakemyTripHotelBooking.makemytriphotelbookingTest" name="verifyHotelPageTitle" time="17.682"/>
  <testcase classname="com.MakemyTripHotelBooking.makemytriphotelbookingTest" name="verifyHotelListPageTitle" time="12.281"/>
  <testcase classname="com.MakemyTripHotelBooking.makemytriphotelbookingTest" name="verifyHotelSelectionPageTitle" time="19.400"/>
  <testcase classname="com.MakemyTripHotelBooking.makemytriphotelbookingTest" name="personalDetailsPageTitle" time="19.599"/>
  <testcase classname="com.MakemyTripHotelBooking.makemytriphotelbookingTest" name="paymentDetailsPageTitle" time="14.443"/>
</testsuite> <!-- com.MakemyTripHotelBooking.makemytriphotelbookingTest -->
